                  _   _     _          ___     
                 (_) | |   (_)        |__ \    
     ___   _ __   _  | |_   _    ___     ) |   
    / __| | '__| | | | __| | |  / __|   / /    
   | (__  | |    | | | |_  | | | (__   / /_    
    \___| |_|    |_|  \__| |_|  \___| |____|   

* CRITIC2: analysis of real-space scalar fields in solids and molecules.
  (c) 1996-2019 A. Otero-de-la-Roza, A. Martin-Pendas, V. Lua~na
  Distributed under GNU GPL v.3 (see COPYING for details)
  Bugs, requests, and rants: aoterodelaroza@gmail.com 
  Website: https://aoterodelaroza.github.io/critic2/
  If you find this software useful, please cite:
  A. Otero-de-la-Roza et al., Comput. Phys. Commun. 185 (2014) 1007-1018.
  A. Otero-de-la-Roza et al., Comput. Phys. Commun. 180 (2009) 157-166.

+ critic2 (development), version 1.0 (git:n/a) 
         host: Linux-3.10.0-514.el7.x86_64
         date: Fri 10 Dec 2021 08:32:13
 compiled dat: /user/garn1561/critic2-1.1dev/build/share/critic2
      datadir: /user/garn1561/critic2-1.1dev/build/share/critic2
     dic file: /user/garn1561/critic2-1.1dev/build/share/critic2/cif/cif_core.dic
...was found?: T
       spglib: 1.13.0
        libxc: <unavailable>

CRITIC2--2022/3/22, 11:57:05.383

critic2:1> %% crystal valence_density.cube

* Crystal structure
  From: valence_density.cube
  Lattice parameters (bohr): 27.882138  27.882138  27.882138
  Lattice parameters (ang): 14.754592  14.754592  14.754592
  Lattice angles (degrees): 109.471  109.471  109.471
  Empirical formula: Zn(1) C_(6) Cl(2) N_(4) H_(4) 
  Number of non-equivalent atoms in the unit cell: 6
  Number of atoms in the unit cell: 102
  Number of atomic species: 5
  Number of electrons (with zero atomic charge): 792
  Molar mass (amu, per unit cell): 1610.627
  Cell volume (bohr^3): 16686.15740
  Cell volume (ang^3): 2472.63339
  Density (g/cm^3): 1.082
  Space group (H-M): I-43m (217)

+ List of atomic species: 
# spc = atomic species. Z = atomic number. name = atomic name (symbol).
# Q = charge. ZPSP = pseudopotential charge.
# spc  Z   name    Q   ZPSP
   1  30    Zn     0.0  -- 
   2   6    C_     0.0  -- 
   3  17    Cl     0.0  -- 
   4   7    N_     0.0  -- 
   5   1    H_     0.0  -- 

+ List of non-equivalent atoms in the unit cell (cryst. coords.): 
# at = complete list atomic ID. xyz = Cartesian coordinates. spc = atomic species.
# wyck = wyckoff position. name = atomic name (symbol). mult = multiplicity.
# Z = atomic number.
# nat       x              y              z        spc wyck  name   mult  Z 
   1   0.5000004348   0.2500002485   0.7500006833   1    6d   Zn     6   30 
   2   0.6195898995   0.2482115524   0.6195898995   2   12g   C_     12   6 
   3   0.7355239797   0.3184117852   0.7924770279   2   24h   C_     24   6 
   4   0.4980799192   0.1875857262   0.4980799192   3   12g   Cl     12  17 
   5   0.6246750169   0.2736406494   0.7180378512   4   24h   N_     24   7 
   6   0.7649037506   0.3468107053   0.8799264308   5   24h   H_     24   1 

+ List of atoms in the unit cell (cryst. coords.): 
# at = complete list atomic ID. xyz = Cartesian coordinates. spc = atomic species.
# name = atomic name (symbol). Z = atomic number. nat = non-equivalent atom id.
# mol = molecular fragment.
# at        x              y              z        spc  name    Z  nat mol
   1   0.5000004348   0.2500002485   0.7500006833   1    Zn    30   1   1 
   2   0.7500006833   0.5000004348   0.2500002485   1    Zn    30   1   1 
   3   0.2500002485   0.7500006833   0.5000004348   1    Zn    30   1   1 
   4   0.5000004348   0.7500006833   0.2500002485   1    Zn    30   1   1 
   5   0.2500002485   0.5000004348   0.7500006833   1    Zn    30   1   1 
   6   0.7500006833   0.2500002485   0.5000004348   1    Zn    30   1   1 
   7   0.6195898995   0.2482115524   0.6195898995   2    C_     6   2   1 
   8   0.6195898995   0.6195898995   0.2482115524   2    C_     6   2   1 
   9   0.2482115524   0.6195898995   0.6195898995   2    C_     6   2   1 
  10   0.7517893173   0.3713783470   0.3713783470   2    C_     6   2   1 
  11   0.3713783470   0.7517893173   0.3713783470   2    C_     6   2   1 
  12   0.3713783470   0.3713783470   0.7517893173   2    C_     6   2   1 
  13   0.6286224916   0.0000008386   0.3804109702   2    C_     6   2   1 
  14   0.6286224916   0.3804109702   0.0000008386   2    C_     6   2   1 
  15   0.0000008386   0.6286224916   0.3804109702   2    C_     6   2   1 
  16   0.3804109702   0.0000008386   0.6286224916   2    C_     6   2   1 
  17   0.3804109702   0.6286224916   0.0000008386   2    C_     6   2   1 
  18   0.0000008386   0.3804109702   0.6286224916   2    C_     6   2   1 
  19   0.7355239797   0.3184117852   0.7924770279   2    C_     6   3   1 
  20   0.7924770279   0.7355239797   0.3184117852   2    C_     6   3   1 
  21   0.3184117852   0.7924770279   0.7355239797   2    C_     6   3   1 
  22   0.6815890844   0.4740652426   0.4171121945   2    C_     6   3   1 
  23   0.4171121945   0.6815890844   0.4740652426   2    C_     6   3   1 
  24   0.4740652426   0.4171121945   0.6815890844   2    C_     6   3   1 
  25   0.5259356271   0.9430478216   0.2075238418   2    C_     6   3   1 
  26   0.5828886441   0.2644768589   0.0569530481   2    C_     6   3   1 
  27   0.0569530481   0.5828886441   0.2644768589   2    C_     6   3   1 
  28   0.2644768589   0.0569530481   0.5828886441   2    C_     6   3   1 
  29   0.2075238418   0.5259356271   0.9430478216   2    C_     6   3   1 
  30   0.9430478216   0.2075238418   0.5259356271   2    C_     6   3   1 
  31   0.0569530481   0.2644768589   0.5828886441   2    C_     6   3   1 
  32   0.5828886441   0.0569530481   0.2644768589   2    C_     6   3   1 
  33   0.2644768589   0.5828886441   0.0569530481   2    C_     6   3   1 
  34   0.7355239797   0.7924770279   0.3184117852   2    C_     6   3   1 
  35   0.3184117852   0.7355239797   0.7924770279   2    C_     6   3   1 
  36   0.7924770279   0.3184117852   0.7355239797   2    C_     6   3   1 
  37   0.6815890844   0.4171121945   0.4740652426   2    C_     6   3   1 
  38   0.9430478216   0.5259356271   0.2075238418   2    C_     6   3   1 
  39   0.2075238418   0.9430478216   0.5259356271   2    C_     6   3   1 
  40   0.5259356271   0.2075238418   0.9430478216   2    C_     6   3   1 
  41   0.4740652426   0.6815890844   0.4171121945   2    C_     6   3   1 
  42   0.4171121945   0.4740652426   0.6815890844   2    C_     6   3   1 
  43   0.4980799192   0.1875857262   0.4980799192   3    Cl    17   4   1 
  44   0.4980799192   0.4980799192   0.1875857262   3    Cl    17   4   1 
  45   0.1875857262   0.4980799192   0.4980799192   3    Cl    17   4   1 
  46   0.8124151435   0.3104941930   0.3104941930   3    Cl    17   4   1 
  47   0.3104941930   0.8124151435   0.3104941930   3    Cl    17   4   1 
  48   0.3104941930   0.3104941930   0.8124151435   3    Cl    17   4   1 
  49   0.6895066767   0.0000008697   0.5019209505   3    Cl    17   4   1 
  50   0.6895066767   0.5019209505   0.0000008697   3    Cl    17   4   1 
  51   0.0000008697   0.6895066767   0.5019209505   3    Cl    17   4   1 
  52   0.5019209505   0.0000008697   0.6895066767   3    Cl    17   4   1 
  53   0.5019209505   0.6895066767   0.0000008697   3    Cl    17   4   1 
  54   0.0000008697   0.5019209505   0.6895066767   3    Cl    17   4   1 
  55   0.6246750169   0.2736406494   0.7180378512   4    N_     7   5   1 
  56   0.7180378512   0.6246750169   0.2736406494   4    N_     7   5   1 
  57   0.2736406494   0.7180378512   0.6246750169   4    N_     7   5   1 
  58   0.7263602203   0.4443972018   0.3510343675   4    N_     7   5   1 
  59   0.3510343675   0.7263602203   0.4443972018   4    N_     7   5   1 
  60   0.4443972018   0.3510343675   0.7263602203   4    N_     7   5   1 
  61   0.5556036678   0.9066380354   0.2819630185   4    N_     7   5   1 
  62   0.6489665022   0.3753258528   0.0933628343   4    N_     7   5   1 
  63   0.0933628343   0.6489665022   0.3753258528   4    N_     7   5   1 
  64   0.3753258528   0.0933628343   0.6489665022   4    N_     7   5   1 
  65   0.2819630185   0.5556036678   0.9066380354   4    N_     7   5   1 
  66   0.9066380354   0.2819630185   0.5556036678   4    N_     7   5   1 
  67   0.0933628343   0.3753258528   0.6489665022   4    N_     7   5   1 
  68   0.6489665022   0.0933628343   0.3753258528   4    N_     7   5   1 
  69   0.3753258528   0.6489665022   0.0933628343   4    N_     7   5   1 
  70   0.6246750169   0.7180378512   0.2736406494   4    N_     7   5   1 
  71   0.2736406494   0.6246750169   0.7180378512   4    N_     7   5   1 
  72   0.7180378512   0.2736406494   0.6246750169   4    N_     7   5   1 
  73   0.7263602203   0.3510343675   0.4443972018   4    N_     7   5   1 
  74   0.9066380354   0.5556036678   0.2819630185   4    N_     7   5   1 
  75   0.2819630185   0.9066380354   0.5556036678   4    N_     7   5   1 
  76   0.5556036678   0.2819630185   0.9066380354   4    N_     7   5   1 
  77   0.4443972018   0.7263602203   0.3510343675   4    N_     7   5   1 
  78   0.3510343675   0.4443972018   0.7263602203   4    N_     7   5   1 
  79   0.7649037506   0.3468107053   0.8799264308   5    H_     1   6   1 
  80   0.8799264308   0.7649037506   0.3468107053   5    H_     1   6   1 
  81   0.3468107053   0.8799264308   0.7649037506   5    H_     1   6   1 
  82   0.6531901643   0.5331157254   0.4180930452   5    H_     1   6   1 
  83   0.4180930452   0.6531901643   0.5331157254   5    H_     1   6   1 
  84   0.5331157254   0.4180930452   0.6531901643   5    H_     1   6   1 
  85   0.4668851443   0.8849781895   0.1200744389   5    H_     1   6   1 
  86   0.5819077934   0.2350970880   0.1150226802   5    H_     1   6   1 
  87   0.1150226802   0.5819077934   0.2350970880   5    H_     1   6   1 
  88   0.2350970880   0.1150226802   0.5819077934   5    H_     1   6   1 
  89   0.1200744389   0.4668851443   0.8849781895   5    H_     1   6   1 
  90   0.8849781895   0.1200744389   0.4668851443   5    H_     1   6   1 
  91   0.1150226802   0.2350970880   0.5819077934   5    H_     1   6   1 
  92   0.5819077934   0.1150226802   0.2350970880   5    H_     1   6   1 
  93   0.2350970880   0.5819077934   0.1150226802   5    H_     1   6   1 
  94   0.7649037506   0.8799264308   0.3468107053   5    H_     1   6   1 
  95   0.3468107053   0.7649037506   0.8799264308   5    H_     1   6   1 
  96   0.8799264308   0.3468107053   0.7649037506   5    H_     1   6   1 
  97   0.6531901643   0.4180930452   0.5331157254   5    H_     1   6   1 
  98   0.8849781895   0.4668851443   0.1200744389   5    H_     1   6   1 
  99   0.1200744389   0.8849781895   0.4668851443   5    H_     1   6   1 
  100  0.4668851443   0.1200744389   0.8849781895   5    H_     1   6   1 
  101  0.5331157254   0.6531901643   0.4180930452   5    H_     1   6   1 
  102  0.4180930452   0.5331157254   0.6531901643   5    H_     1   6   1 

+ Lattice vectors (bohr)
    a:  -16.0977600000    16.0977600000    16.0977600000 
    b:   16.0977600000   -16.0977600000    16.0977600000 
    c:   16.0977600000    16.0977600000   -16.0977600000 

+ List of atoms in Cartesian coordinates (bohr): 
# at = complete list atomic ID. xyz = Cartesian coordinates. spc = atomic species.
# name = atomic name (symbol). Z = atomic number. dnn = nearest-neighbor distance.
# nat = non-equivalent atom id. mol = molecular fragment.
# at         x                y                z         spc  name    Z     dnn     nat mol
   1     8.0488880000    16.0977740000     0.0000000000   1    Zn    30    3.7739    1   1 
   2     0.0000000000     8.0488880000    16.0977740000   1    Zn    30    3.7739    1   1 
   3    16.0977740000     0.0000000000     8.0488880000   1    Zn    30    3.7739    1   1 
   4     8.0488880000     0.0000000000    16.0977740000   1    Zn    30    3.7739    1   1 
   5    16.0977740000     8.0488880000     0.0000000000   1    Zn    30    3.7739    1   1 
   6     0.0000000000    16.0977740000     8.0488880000   1    Zn    30    3.7739    1   1 
   7     3.9956500000    15.9523690000     3.9956500000   2    C_     6    2.5364    2   1 
   8     3.9956500000     3.9956500000    15.9523690000   2    C_     6    2.5364    2   1 
   9    15.9523690000     3.9956500000     3.9956500000   2    C_     6    2.5364    2   1 
  10    -0.1454050000    12.1021240000    12.1021240000   2    C_     6    2.5364    2   1 
  11    12.1021240000    -0.1454050000    12.1021240000   2    C_     6    2.5364    2   1 
  12    12.1021240000    12.1021240000    -0.1454050000   2    C_     6    2.5364    2   1 
  13    -3.9956360000    16.2431650000     3.9956630000   2    C_     6    2.5364    2   1 
  14    -3.9956360000     3.9956630000    16.2431650000   2    C_     6    2.5364    2   1 
  15    16.2431650000    -3.9956360000     3.9956630000   2    C_     6    2.5364    2   1 
  16     3.9956630000    16.2431650000    -3.9956360000   2    C_     6    2.5364    2   1 
  17     3.9956630000    -3.9956360000    16.2431650000   2    C_     6    2.5364    2   1 
  18    16.2431650000     3.9956630000    -3.9956360000   2    C_     6    2.5364    2   1 
  19     6.0425330000    19.4716770000     4.2089000000   2    C_     6    2.0475    3   1 
  20     4.2089000000     6.0425330000    19.4716770000   2    C_     6    2.0475    3   1 
  21    19.4716770000     4.2089000000     6.0425330000   2    C_     6    2.0475    3   1 
  22     3.3739030000    10.0552410000    11.8888740000   2    C_     6    2.0475    3   1 
  23    11.8888740000     3.3739030000    10.0552410000   2    C_     6    2.0475    3   1 
  24    10.0552410000    11.8888740000     3.3739030000   2    C_     6    2.0475    3   1 
  25    10.0552410000    -3.3739030000    20.3066740000   2    C_     6    2.0475    3   1 
  26    -4.2089000000     6.0425330000    12.7238700000   2    C_     6    2.0475    3   1 
  27    12.7238700000    -4.2089000000     6.0425330000   2    C_     6    2.0475    3   1 
  28     6.0425330000    12.7238700000    -4.2089000000   2    C_     6    2.0475    3   1 
  29    20.3066740000    10.0552410000    -3.3739030000   2    C_     6    2.0475    3   1 
  30    -3.3739030000    20.3066740000    10.0552410000   2    C_     6    2.0475    3   1 
  31    12.7238700000     6.0425330000    -4.2089000000   2    C_     6    2.0475    3   1 
  32    -4.2089000000    12.7238700000     6.0425330000   2    C_     6    2.0475    3   1 
  33     6.0425330000    -4.2089000000    12.7238700000   2    C_     6    2.0475    3   1 
  34     6.0425330000     4.2089000000    19.4716770000   2    C_     6    2.0475    3   1 
  35    19.4716770000     6.0425330000     4.2089000000   2    C_     6    2.0475    3   1 
  36     4.2089000000    19.4716770000     6.0425330000   2    C_     6    2.0475    3   1 
  37     3.3739030000    11.8888740000    10.0552410000   2    C_     6    2.0475    3   1 
  38    -3.3739030000    10.0552410000    20.3066740000   2    C_     6    2.0475    3   1 
  39    20.3066740000    -3.3739030000    10.0552410000   2    C_     6    2.0475    3   1 
  40    10.0552410000    20.3066740000    -3.3739030000   2    C_     6    2.0475    3   1 
  41    10.0552410000     3.3739030000    11.8888740000   2    C_     6    2.0475    3   1 
  42    11.8888740000    10.0552410000     3.3739030000   2    C_     6    2.0475    3   1 
  43     3.0197100000    13.0162320000     3.0197100000   3    Cl    17    3.2444    4   1 
  44     3.0197100000     3.0197100000    13.0162320000   3    Cl    17    3.2444    4   1 
  45    13.0162320000     3.0197100000     3.0197100000   3    Cl    17    3.2444    4   1 
  46    -3.0815420000    13.0780640000    13.0780640000   3    Cl    17    3.2444    4   1 
  47    13.0780640000    -3.0815420000    13.0780640000   3    Cl    17    3.2444    4   1 
  48    13.0780640000    13.0780640000    -3.0815420000   3    Cl    17    3.2444    4   1 
  49    -3.0196960000    19.1793020000     3.0197240000   3    Cl    17    3.2444    4   1 
  50    -3.0196960000     3.0197240000    19.1793020000   3    Cl    17    3.2444    4   1 
  51    19.1793020000    -3.0196960000     3.0197240000   3    Cl    17    3.2444    4   1 
  52     3.0197240000    19.1793020000    -3.0196960000   3    Cl    17    3.2444    4   1 
  53     3.0197240000    -3.0196960000    19.1793020000   3    Cl    17    3.2444    4   1 
  54    19.1793020000     3.0197240000    -3.0196960000   3    Cl    17    3.2444    4   1 
  55     5.9079340000    17.2096680000     2.9020690000   4    N_     7    2.5364    5   1 
  56     2.9020690000     5.9079340000    17.2096680000   4    N_     7    2.5364    5   1 
  57    17.2096680000     2.9020690000     5.9079340000   4    N_     7    2.5364    5   1 
  58     1.1118940000    10.1898400000    13.1957050000   4    N_     7    2.5364    5   1 
  59    13.1957050000     1.1118940000    10.1898400000   4    N_     7    2.5364    5   1 
  60    10.1898400000    13.1957050000     1.1118940000   4    N_     7    2.5364    5   1 
  61    10.1898400000    -1.1118940000    18.9998430000   4    N_     7    2.5364    5   1 
  62    -2.9020690000     5.9079340000    14.9858800000   4    N_     7    2.5364    5   1 
  63    14.9858800000    -2.9020690000     5.9079340000   4    N_     7    2.5364    5   1 
  64     5.9079340000    14.9858800000    -2.9020690000   4    N_     7    2.5364    5   1 
  65    18.9998430000    10.1898400000    -1.1118940000   4    N_     7    2.5364    5   1 
  66    -1.1118940000    18.9998430000    10.1898400000   4    N_     7    2.5364    5   1 
  67    14.9858800000     5.9079340000    -2.9020690000   4    N_     7    2.5364    5   1 
  68    -2.9020690000    14.9858800000     5.9079340000   4    N_     7    2.5364    5   1 
  69     5.9079340000    -2.9020690000    14.9858800000   4    N_     7    2.5364    5   1 
  70     5.9079340000     2.9020690000    17.2096680000   4    N_     7    2.5364    5   1 
  71    17.2096680000     5.9079340000     2.9020690000   4    N_     7    2.5364    5   1 
  72     2.9020690000    17.2096680000     5.9079340000   4    N_     7    2.5364    5   1 
  73     1.1118940000    13.1957050000    10.1898400000   4    N_     7    2.5364    5   1 
  74    -1.1118940000    10.1898400000    18.9998430000   4    N_     7    2.5364    5   1 
  75    18.9998430000    -1.1118940000    10.1898400000   4    N_     7    2.5364    5   1 
  76    10.1898400000    18.9998430000    -1.1118940000   4    N_     7    2.5364    5   1 
  77    10.1898400000     1.1118940000    13.1957050000   4    N_     7    2.5364    5   1 
  78    13.1957050000    10.1898400000     1.1118940000   4    N_     7    2.5364    5   1 
  79     7.4344830000    20.8952060000     3.7312680000   5    H_     1    2.0475    6   1 
  80     3.7312680000     7.4344830000    20.8952060000   5    H_     1    2.0475    6   1 
  81    20.8952060000     3.7312680000     7.4344830000   5    H_     1    2.0475    6   1 
  82     4.7974320000     8.6632910000    12.3665060000   5    H_     1    2.0475    6   1 
  83    12.3665060000     4.7974320000     8.6632910000   5    H_     1    2.0475    6   1 
  84     8.6632910000    12.3665060000     4.7974320000   5    H_     1    2.0475    6   1 
  85     8.6632910000    -4.7974320000    19.8290420000   5    H_     1    2.0475    6   1 
  86    -3.7312680000     7.4344830000    11.3003410000   5    H_     1    2.0475    6   1 
  87    11.3003410000    -3.7312680000     7.4344830000   5    H_     1    2.0475    6   1 
  88     7.4344830000    11.3003410000    -3.7312680000   5    H_     1    2.0475    6   1 
  89    19.8290420000     8.6632910000    -4.7974320000   5    H_     1    2.0475    6   1 
  90    -4.7974320000    19.8290420000     8.6632910000   5    H_     1    2.0475    6   1 
  91    11.3003410000     7.4344830000    -3.7312680000   5    H_     1    2.0475    6   1 
  92    -3.7312680000    11.3003410000     7.4344830000   5    H_     1    2.0475    6   1 
  93     7.4344830000    -3.7312680000    11.3003410000   5    H_     1    2.0475    6   1 
  94     7.4344830000     3.7312680000    20.8952060000   5    H_     1    2.0475    6   1 
  95    20.8952060000     7.4344830000     3.7312680000   5    H_     1    2.0475    6   1 
  96     3.7312680000    20.8952060000     7.4344830000   5    H_     1    2.0475    6   1 
  97     4.7974320000    12.3665060000     8.6632910000   5    H_     1    2.0475    6   1 
  98    -4.7974320000     8.6632910000    19.8290420000   5    H_     1    2.0475    6   1 
  99    19.8290420000    -4.7974320000     8.6632910000   5    H_     1    2.0475    6   1 
  100    8.6632910000    19.8290420000    -4.7974320000   5    H_     1    2.0475    6   1 
  101    8.6632910000     4.7974320000    12.3665060000   5    H_     1    2.0475    6   1 
  102   12.3665060000     8.6632910000     4.7974320000   5    H_     1    2.0475    6   1 

+ List of symmetry operations (24):
  Operation 1:
     1.000000  0.000000  0.000000  0.000000
     0.000000  1.000000  0.000000  0.000000
     0.000000  0.000000  1.000000  0.000000
  Operation 2:
     0.000000 -1.000000  0.000000  0.000000
     0.000000 -1.000000  1.000000  0.000000
     1.000000 -1.000000  0.000000  0.000000
  Operation 3:
     0.000000  1.000000 -1.000000  0.000000
     1.000000  0.000000 -1.000000  0.000000
     0.000000  0.000000 -1.000000  0.000000
  Operation 4:
    -1.000000  0.000000  1.000000  0.000000
    -1.000000  0.000000  0.000000  0.000000
    -1.000000  1.000000  0.000000  0.000000
  Operation 5:
    -1.000000  0.000000  0.000000  0.000000
    -1.000000  0.000000  1.000000  0.000000
    -1.000000  1.000000  0.000000  0.000000
  Operation 6:
     0.000000  1.000000  0.000000  0.000000
     1.000000  0.000000  0.000000  0.000000
     0.000000  0.000000  1.000000  0.000000
  Operation 7:
     0.000000 -1.000000  1.000000  0.000000
     0.000000 -1.000000  0.000000  0.000000
     1.000000 -1.000000  0.000000  0.000000
  Operation 8:
     1.000000  0.000000 -1.000000  0.000000
     0.000000  1.000000 -1.000000  0.000000
     0.000000  0.000000 -1.000000  0.000000
  Operation 9:
     0.000000  0.000000  1.000000  0.000000
     1.000000  0.000000  0.000000  0.000000
     0.000000  1.000000  0.000000  0.000000
  Operation 10:
     1.000000 -1.000000  0.000000  0.000000
     0.000000 -1.000000  0.000000  0.000000
     0.000000 -1.000000  1.000000  0.000000
  Operation 11:
     0.000000  0.000000 -1.000000  0.000000
     0.000000  1.000000 -1.000000  0.000000
     1.000000  0.000000 -1.000000  0.000000
  Operation 12:
    -1.000000  1.000000  0.000000  0.000000
    -1.000000  0.000000  1.000000  0.000000
    -1.000000  0.000000  0.000000  0.000000
  Operation 13:
    -1.000000  1.000000  0.000000  0.000000
    -1.000000  0.000000  0.000000  0.000000
    -1.000000  0.000000  1.000000  0.000000
  Operation 14:
     0.000000  0.000000  1.000000  0.000000
     0.000000  1.000000  0.000000  0.000000
     1.000000  0.000000  0.000000  0.000000
  Operation 15:
     1.000000 -1.000000  0.000000  0.000000
     0.000000 -1.000000  1.000000  0.000000
     0.000000 -1.000000  0.000000  0.000000
  Operation 16:
     0.000000  0.000000 -1.000000  0.000000
     1.000000  0.000000 -1.000000  0.000000
     0.000000  1.000000 -1.000000  0.000000
  Operation 17:
     0.000000  1.000000  0.000000  0.000000
     0.000000  0.000000  1.000000  0.000000
     1.000000  0.000000  0.000000  0.000000
  Operation 18:
     0.000000 -1.000000  1.000000  0.000000
     1.000000 -1.000000  0.000000  0.000000
     0.000000 -1.000000  0.000000  0.000000
  Operation 19:
     1.000000  0.000000 -1.000000  0.000000
     0.000000  0.000000 -1.000000  0.000000
     0.000000  1.000000 -1.000000  0.000000
  Operation 20:
    -1.000000  0.000000  0.000000  0.000000
    -1.000000  1.000000  0.000000  0.000000
    -1.000000  0.000000  1.000000  0.000000
  Operation 21:
    -1.000000  0.000000  1.000000  0.000000
    -1.000000  1.000000  0.000000  0.000000
    -1.000000  0.000000  0.000000  0.000000
  Operation 22:
     1.000000  0.000000  0.000000  0.000000
     0.000000  0.000000  1.000000  0.000000
     0.000000  1.000000  0.000000  0.000000
  Operation 23:
     0.000000 -1.000000  0.000000  0.000000
     1.000000 -1.000000  0.000000  0.000000
     0.000000 -1.000000  1.000000  0.000000
  Operation 24:
     0.000000  1.000000 -1.000000  0.000000
     0.000000  0.000000 -1.000000  0.000000
     1.000000  0.000000 -1.000000  0.000000

+ List of symmetry operations in crystallographic notation:
# number: operation ... ## order of rotation [axis]; [axis in Cartesian]
     1: x,y,z                          ##  1
     2: -y,-y+z,x-y                    ## -4 [-1,-1,0]; [-0.000,-0.000,-1.000]
     3: y-z,x-z,-z                     ##  2 [1,1,0]; [0.000,0.000,1.000]
     4: -x+z,-x,-x+y                   ## -4 [-1,-1,0]; [0.000,0.000,-1.000]
     5: -x,-x+z,-x+y                   ##  2 [0,1,1]; [1.000,0.000,0.000]
     6: y,x,z                          ## -1 [-1,1,0]; [0.707,-0.707,0.000]
     7: -y+z,-y,x-y                    ##  2 [1,0,1]; [0.000,1.000,0.000]
     8: x-z,y-z,-z                     ## -1 [1,1,2]; [0.707,0.707,0.000]
     9: z,x,y                          ##  3 [-1,-1,-1]; [-0.577,-0.577,-0.577]
    10: x-y,-y,-y+z                    ## -1 [1,2,1]; [0.707,0.000,0.707]
    11: -z,y-z,x-z                     ##  3 [0,1,0]; [0.577,-0.577,0.577]
    12: -x+y,-x+z,-x                   ## -4 [-1,0,-1]; [-0.000,-1.000,-0.000]
    13: -x+y,-x,-x+z                   ##  3 [0,0,1]; [0.577,0.577,-0.577]
    14: z,y,x                          ## -1 [-1,0,1]; [0.707,0.000,-0.707]
    15: x-y,-y+z,-y                    ##  3 [1,0,0]; [-0.577,0.577,0.577]
    16: -z,x-z,y-z                     ## -4 [1,0,1]; [0.000,1.000,0.000]
    17: y,z,x                          ##  3 [-1,-1,-1]; [-0.577,-0.577,-0.577]
    18: -y+z,x-y,-y                    ## -4 [0,1,1]; [1.000,0.000,0.000]
    19: x-z,-z,y-z                     ##  3 [1,0,0]; [-0.577,0.577,0.577]
    20: -x,-x+y,-x+z                   ## -1 [2,1,1]; [0.000,0.707,0.707]
    21: -x+z,-x+y,-x                   ##  3 [0,1,0]; [0.577,-0.577,0.577]
    22: x,z,y                          ## -1 [0,1,-1]; [0.000,-0.707,0.707]
    23: -y,x-y,-y+z                    ##  3 [0,0,1]; [0.577,0.577,-0.577]
    24: y-z,-z,x-z                     ## -4 [0,-1,-1]; [-1.000,-0.000,-0.000]

+ List of centering vectors (1):
  Vector 1: 0.000000  0.000000  0.000000 

+ Crystal symmetry information
  Space group (Hermann-Mauguin): I-43m (number 217)
  Point group (Hermann-Mauguin): -43m
  Point group (Schoenflies): Td
  Holohedry: cubic
  Laue class: m-3m

+ Cartesian/crystallographic coordinate transformation matrices:
  A = car to crys (xcrys = A * xcar, bohr^-1)
       0.0000000000     0.0310602220     0.0310602220 
       0.0310602220    -0.0000000000     0.0310602220 
       0.0310602220     0.0310602220     0.0000000000 
  B = crys to car (xcar = B * xcrys, bohr)
     -16.0977600000    16.0977600000    16.0977600000 
      16.0977600000   -16.0977600000    16.0977600000 
      16.0977600000    16.0977600000   -16.0977600000 
  G = metric tensor (B'*B, bohr^2)
     777.4136310528  -259.1378770176  -259.1378770176 
    -259.1378770176   777.4136310528  -259.1378770176 
    -259.1378770176  -259.1378770176   777.4136310528 

+ List of fragments in the system (1)
# Id = fragment ID. nat = number of atoms in fragment. C-o-m = center of mass (bohr).
# Discrete = is this fragment finite?
# Id  nat           Center of mass            Discrete  
  1    102    0.500000    0.200226    0.700226   No

+ This is a 3D periodic structure.

+ Atomic environment
  Number of atoms (reduced cell/environment): 102 / 3897
  Radius of (unit cell/environment) circumscribed sphere (bohr): 26.6951 / 91.4342
  Maximum interaction distance (bohr): 26.7051 
  Covering regions: 
    Total number of regions: 1728 (12 12 12)
    Minimum region ID: -6 -6 -6
    Maximum region ID: 5 5 5
    Region side (bohr): 9.2219
    Transformation origin (bohr): 8.0489,8.0489,8.0489
    Search offsets: 9261
    Maximum search offset: 10
    Average number of atoms per region: 2.2552
    Maximum number of atoms in a region: 11

+ Vertex of the WS cell in cryst. coords. (24)
# id = vertex ID. xyz = vertex cryst. coords. d = vertex distance to origin (bohr).
   id       x            y            z          d (bohr)   
    1    0.750000     0.250000     0.500000    17.99784282  
    2    0.750000     0.500000     0.250000    17.99784282  
    3    0.250000    -0.500000    -0.250000    17.99784282  
    4    0.500000    -0.250000     0.250000    17.99784282  
    5    0.250000     0.500000     0.750000    17.99784282  
    6    0.500000     0.250000     0.750000    17.99784282  
    7    0.250000    -0.250000     0.500000    17.99784282  
    8   -0.250000    -0.500000     0.250000    17.99784282  
    9    0.250000    -0.250000    -0.500000    17.99784282  
   10    0.500000     0.250000    -0.250000    17.99784282  
   11    0.250000     0.750000     0.500000    17.99784282  
   12    0.500000     0.750000     0.250000    17.99784282  
   13    0.250000     0.500000    -0.250000    17.99784282  
   14   -0.250000     0.250000    -0.500000    17.99784282  
   15   -0.250000    -0.750000    -0.500000    17.99784282  
   16   -0.500000    -0.750000    -0.250000    17.99784282  
   17   -0.250000    -0.500000    -0.750000    17.99784282  
   18   -0.500000    -0.250000    -0.750000    17.99784282  
   19   -0.250000     0.250000     0.500000    17.99784282  
   20   -0.500000    -0.250000     0.250000    17.99784282  
   21   -0.250000     0.500000     0.250000    17.99784282  
   22   -0.500000     0.250000    -0.250000    17.99784282  
   23   -0.750000    -0.500000    -0.250000    17.99784282  
   24   -0.750000    -0.250000    -0.500000    17.99784282  

+ Faces of the WS cell (14)
# Face ID: vertexID1 vertexID2 ...
   1: 1  6  5  11 12 2 
   2: 1  4  3  9  10 2 
   3: 1  4  7  6 
   4: 2  10 13 12
   5: 3  15 16 8  7  4 
   6: 3  9  17 15
   7: 5  19 20 8  7  6 
   8: 5  11 21 19
   9: 8  16 23 20
  10: 9  17 18 14 13 10
  11: 11 21 22 14 13 12
  12: 14 18 24 22
  13: 15 17 18 24 23 16
  14: 19 21 22 24 23 20

+ Lattice vectors for the Wigner-Seitz neighbors
# FaceID: Voronoi lattice vector (cryst. coords.)
   1:  1  1  1
   2:  1  0  0
   3:  1  0  1
   4:  1  1  0
   5:  0 -1  0
   6:  0 -1 -1
   7:  0  0  1
   8:  0  1  1
   9: -1 -1  0
  10:  0  0 -1
  11:  0  1  0
  12: -1  0 -1
  13: -1 -1 -1
  14: -1  0  0

+ Lattice vectors for the Delaunay reduced cell (cryst. coords.)
  a:  1  0  0
  b:  0  1  0
  c:  0  0  1
  Delaunay reduced cell lengths: 27.882138 27.882138 27.882138
  Delaunay reduced cell angles: 109.471 109.471 109.471

+ Is the cell orthogonal? F
+ Is the reduced cell orthogonal? F

* List of scalar fields
+ Field number 0
  Name: <promolecular>
  Source: <generated>
  Type: promolecular
  Atoms in the environment: 3897
  Use core densities? F
  Numerical derivatives? F
  Nuclear CP signature: -3
  Number of non-equivalent critical points: 6
  Number of critical points in the unit cell: 102
  Alias for this field (2): $0, $rho0
  This is the REFERENCE field.

* List of integrable properties (3)
#  Id  Type  Field  Name
    1   v        0  Volume  
    2  fval      0  Pop  
    3  lval      0  Lap  

* List of additional properties at critical points (0)

* List of core and pseudopotential charges for each field
# id  type   core?  ZPSP
  0  promol   no  

critic2:2> %% load all_density.cube

+ Field number 1
  Source: all_density.cube
  Type: grid
  Grid dimensions : 288  288  288
  First elements... 8.936700000000E-07  1.288600000000E-07  -1.022700000000E-07
  Last elements... 3.673200000000E-07  -1.426300000000E-07  1.288600000000E-07
  Sum of elements... 1.747745605943E+06
  Sum of squares of elements... 6.636422217783E+10
  Cell integral (grid SUM) = 1220.83533786
  Min: -9.27740000E-07
  Average: 7.31645584E-02
  Max: 1.05150000E+05
  Interpolation mode (1=nearest,2=linear,3=spline,4=tricubic): 4
  Use core densities? F
  Numerical derivatives? F
  Nuclear CP signature: -3
  Number of non-equivalent critical points: 6
  Number of critical points in the unit cell: 102
  Alias for this field (1): $1

* Field number 1 is now REFERENCE.

critic2:3> %% load valence_density.cube

+ Field number 2
  Source: valence_density.cube
  Type: grid
  Grid dimensions : 288  288  288
  First elements... 8.936700000000E-07  1.288600000000E-07  -1.022700000000E-07
  Last elements... 3.673200000000E-07  -1.426300000000E-07  1.288600000000E-07
  Sum of elements... 6.356279303528E+05
  Sum of squares of elements... 2.433366927020E+05
  Cell integral (grid SUM) = 443.99884999
  Min: -9.27740000E-07
  Average: 2.66088135E-02
  Max: 5.84920000E+00
  Interpolation mode (1=nearest,2=linear,3=spline,4=tricubic): 4
  Use core densities? F
  Numerical derivatives? F
  Nuclear CP signature: -3
  Number of non-equivalent critical points: 6
  Number of critical points in the unit cell: 102
  Alias for this field (1): $2

critic2:4> %% integrable 2

* List of integrable properties (4)
#  Id  Type  Field  Name
    1   v        0  Volume  
    2  fval      1  Pop  
    3  lval      1  Lap  
    4   f        2  $2  

critic2:5> %% yt

* Yu-Trinkle integration 
  Please cite: 
  Min Yu, Dallas Trinkle, J. Chem. Phys. 134 (2011) 064111.
+ Distance atomic assignment (bohr): 1.0000E+40
+ Attractors in YT: 102
+ Attractors after reordering: 102

+ Integrating atomic properties

+ Integrated property (number 1): Volume
+ Integrated property (number 2): Pop
+ Integrated property (number 3): Lap
+ Integrated property (number 4): $2

* List of properties integrated in the attractor basins
+ The "Label" entries will be used to identify the integrable
  in the tables of integrated atomic properties. The entries with
  an "x" will not be integrated.
# id    Label      fid  Field       Additional
  1       Volume    -- Volume       
  2        Pop       1 Field (v)    
  3        Lap       1 Laplcn (v)   
  4         $2       2 Field        

* Key for the interpretation of table headings
# Id = attractor identifier
# cp/at = critical point/atom from the complete CP/atom list
# (lvec) = lattice translation from CP/atom to the main cell's representative
# ncp/nat = critical point/atom from the non-equivalent CP/atom list
# Name = atomic name
# Z = atomic number
# Position = atomic position
# Mol = molecule identifier (see corresponding table above)
# Volume = volume of the reference field basins.
# Pop (population) = the reference field integrated in its own basins.
# Lap = Laplacian of the reference field integrated in the reference field basins.
# $xxx = field xxx integrated in the basins of the reference field.

* List of attractors integrated
# Id   cp   ncp   Name  Z   mult           Position (cryst.) 
  1    1    1      Zn   30  --    0.5000004    0.2500002    0.7500007 
  2    2    1      Zn   30  --    0.7499999    0.5000005    0.2500002 
  3    3    1      Zn   30  --    0.2500002    0.7499999    0.5000005 
  4    4    1      Zn   30  --    0.4999996    0.7499998    0.2499994 
  5    5    1      Zn   30  --    0.2500003    0.4999997    0.7499999 
  6    6    1      Zn   30  --    0.7499999    0.2500003    0.4999997 
  7    7    2      C_   6   --    0.6195899    0.2482116    0.6195899 
  8    8    2      C_   6   --    0.6195899    0.6195899    0.2482116 
  9    9    2      C_   6   --    0.2482116    0.6195899    0.6195899 
  10   10   2      C_   6   --    0.7517886    0.3713784    0.3713784 
  11   11   2      C_   6   --    0.3713784    0.7517886    0.3713784 
  12   12   2      C_   6   --    0.3713784    0.3713784    0.7517886 
  13   13   2      C_   6   --    0.6286217    0.0000001    0.3804102 
  14   14   2      C_   6   --    0.6286217    0.3804102    0.0000001 
  15   15   2      C_   6   --    0.0000001    0.6286217    0.3804102 
  16   16   2      C_   6   --    0.3804102    0.0000001    0.6286217 
  17   17   2      C_   6   --    0.3804102    0.6286217    0.0000001 
  18   18   2      C_   6   --    0.0000001    0.3804102    0.6286217 
  19   19   3      C_   6   --    0.7355240    0.3184118    0.7924770 
  20   20   3      C_   6   --    0.7924770    0.7355240    0.3184118 
  21   21   3      C_   6   --    0.3184118    0.7924770    0.7355240 
  22   22   3      C_   6   --    0.6815883    0.4740653    0.4171123 
  23   23   3      C_   6   --    0.4171123    0.6815883    0.4740653 
  24   24   3      C_   6   --    0.4740653    0.4171123    0.6815883 
  25   25   3      C_   6   --    0.5259348    0.9430470    0.2075231 
  26   26   3      C_   6   --    0.5828879    0.2644761    0.0569531 
  27   27   3      C_   6   --    0.0569531    0.5828879    0.2644761 
  28   28   3      C_   6   --    0.2644761    0.0569531    0.5828879 
  29   29   3      C_   6   --    0.2075231    0.5259348    0.9430470 
  30   30   3      C_   6   --    0.9430470    0.2075231    0.5259348 
  31   31   3      C_   6   --    0.0569531    0.2644761    0.5828879 
  32   32   3      C_   6   --    0.5828879    0.0569531    0.2644761 
  33   33   3      C_   6   --    0.2644761    0.5828879    0.0569531 
  34   34   3      C_   6   --    0.7355240    0.7924770    0.3184118 
  35   35   3      C_   6   --    0.3184118    0.7355240    0.7924770 
  36   36   3      C_   6   --    0.7924770    0.3184118    0.7355240 
  37   37   3      C_   6   --    0.6815883    0.4171123    0.4740653 
  38   38   3      C_   6   --    0.9430470    0.5259348    0.2075231 
  39   39   3      C_   6   --    0.2075231    0.9430470    0.5259348 
  40   40   3      C_   6   --    0.5259348    0.2075231    0.9430470 
  41   41   3      C_   6   --    0.4740653    0.6815883    0.4171123 
  42   42   3      C_   6   --    0.4171123    0.4740653    0.6815883 
  43   43   4      Cl   17  --    0.4980799    0.1875857    0.4980799 
  44   44   4      Cl   17  --    0.4980799    0.4980799    0.1875857 
  45   45   4      Cl   17  --    0.1875857    0.4980799    0.4980799 
  46   46   4      Cl   17  --    0.8124144    0.3104943    0.3104943 
  47   47   4      Cl   17  --    0.3104943    0.8124144    0.3104943 
  48   48   4      Cl   17  --    0.3104943    0.3104943    0.8124144 
  49   49   4      Cl   17  --    0.6895059    0.0000001    0.5019202 
  50   50   4      Cl   17  --    0.6895059    0.5019202    0.0000001 
  51   51   4      Cl   17  --    0.0000001    0.6895059    0.5019202 
  52   52   4      Cl   17  --    0.5019202    0.0000001    0.6895059 
  53   53   4      Cl   17  --    0.5019202    0.6895059    0.0000001 
  54   54   4      Cl   17  --    0.0000001    0.5019202    0.6895059 
  55   55   5      N_   7   --    0.6246750    0.2736406    0.7180379 
  56   56   5      N_   7   --    0.7180379    0.6246750    0.2736406 
  57   57   5      N_   7   --    0.2736406    0.7180379    0.6246750 
  58   58   5      N_   7   --    0.7263595    0.4443973    0.3510344 
  59   59   5      N_   7   --    0.3510344    0.7263595    0.4443973 
  60   60   5      N_   7   --    0.4443973    0.3510344    0.7263595 
  61   61   5      N_   7   --    0.5556029    0.9066372    0.2819623 
  62   62   5      N_   7   --    0.6489657    0.3753251    0.0933629 
  63   63   5      N_   7   --    0.0933629    0.6489657    0.3753251 
  64   64   5      N_   7   --    0.3753251    0.0933629    0.6489657 
  65   65   5      N_   7   --    0.2819623    0.5556029    0.9066372 
  66   66   5      N_   7   --    0.9066372    0.2819623    0.5556029 
  67   67   5      N_   7   --    0.0933629    0.3753251    0.6489657 
  68   68   5      N_   7   --    0.6489657    0.0933629    0.3753251 
  69   69   5      N_   7   --    0.3753251    0.6489657    0.0933629 
  70   70   5      N_   7   --    0.6246750    0.7180379    0.2736406 
  71   71   5      N_   7   --    0.2736406    0.6246750    0.7180379 
  72   72   5      N_   7   --    0.7180379    0.2736406    0.6246750 
  73   73   5      N_   7   --    0.7263595    0.3510344    0.4443973 
  74   74   5      N_   7   --    0.9066372    0.5556029    0.2819623 
  75   75   5      N_   7   --    0.2819623    0.9066372    0.5556029 
  76   76   5      N_   7   --    0.5556029    0.2819623    0.9066372 
  77   77   5      N_   7   --    0.4443973    0.7263595    0.3510344 
  78   78   5      N_   7   --    0.3510344    0.4443973    0.7263595 
  79   79   6      H_   1   --    0.7649038    0.3468107    0.8799264 
  80   80   6      H_   1   --    0.8799264    0.7649038    0.3468107 
  81   81   6      H_   1   --    0.3468107    0.8799264    0.7649038 
  82   82   6      H_   1   --    0.6531894    0.5331158    0.4180931 
  83   83   6      H_   1   --    0.4180931    0.6531894    0.5331158 
  84   84   6      H_   1   --    0.5331158    0.4180931    0.6531894 
  85   85   6      H_   1   --    0.4668843    0.8849774    0.1200737 
  86   86   6      H_   1   --    0.5819070    0.2350964    0.1150227 
  87   87   6      H_   1   --    0.1150227    0.5819070    0.2350964 
  88   88   6      H_   1   --    0.2350964    0.1150227    0.5819070 
  89   89   6      H_   1   --    0.1200737    0.4668843    0.8849774 
  90   90   6      H_   1   --    0.8849774    0.1200737    0.4668843 
  91   91   6      H_   1   --    0.1150227    0.2350964    0.5819070 
  92   92   6      H_   1   --    0.5819070    0.1150227    0.2350964 
  93   93   6      H_   1   --    0.2350964    0.5819070    0.1150227 
  94   94   6      H_   1   --    0.7649038    0.8799264    0.3468107 
  95   95   6      H_   1   --    0.3468107    0.7649038    0.8799264 
  96   96   6      H_   1   --    0.8799264    0.3468107    0.7649038 
  97   97   6      H_   1   --    0.6531894    0.4180931    0.5331158 
  98   98   6      H_   1   --    0.8849774    0.4668843    0.1200737 
  99   99   6      H_   1   --    0.1200737    0.8849774    0.4668843 
  100  100  6      H_   1   --    0.4668843    0.1200737    0.8849774 
  101  101  6      H_   1   --    0.5331158    0.6531894    0.4180931 
  102  102  6      H_   1   --    0.4180931    0.5331158    0.6531894 

* Integrated atomic properties
# (See key above for interpretation of column headings.)
# Integrable properties 1 to 4
# Id   cp   ncp   Name  Z   mult     Volume            Pop             Lap             $2       
  1    1    1      Zn   30  --   7.98585082E+01  1.00462073E+02 -3.53265114E+02  1.08036799E+01
  2    2    1      Zn   30  --   7.98585082E+01  1.00462073E+02 -3.53265114E+02  1.08036799E+01
  3    3    1      Zn   30  --   7.98585082E+01  1.00462073E+02 -3.53265114E+02  1.08036799E+01
  4    4    1      Zn   30  --   7.98585082E+01  1.00462073E+02 -3.53265114E+02  1.08036799E+01
  5    5    1      Zn   30  --   7.98585082E+01  1.00462073E+02 -3.53265114E+02  1.08036799E+01
  6    6    1      Zn   30  --   7.98585082E+01  1.00462073E+02 -3.53265114E+02  1.08036799E+01
  7    7    2      C_   6   --   5.24558507E+01  4.91991047E+00 -1.09594158E+01  2.92130177E+00
  8    8    2      C_   6   --   5.24558507E+01  4.91991047E+00 -1.09594158E+01  2.92130177E+00
  9    9    2      C_   6   --   5.24558507E+01  4.91991047E+00 -1.09594158E+01  2.92130177E+00
  10   10   2      C_   6   --   5.24558507E+01  4.91991047E+00 -2.55979087E+01  2.92130177E+00
  11   11   2      C_   6   --   5.24558507E+01  4.91991047E+00 -2.55979087E+01  2.92130177E+00
  12   12   2      C_   6   --   5.24558507E+01  4.91991047E+00 -2.55979087E+01  2.92130177E+00
  13   13   2      C_   6   --   5.24558507E+01  4.91991047E+00 -1.12979978E+01  2.92130177E+00
  14   14   2      C_   6   --   5.24558507E+01  4.91991047E+00 -1.12979978E+01  2.92130177E+00
  15   15   2      C_   6   --   5.24558507E+01  4.91991047E+00 -1.12979978E+01  2.92130177E+00
  16   16   2      C_   6   --   5.24558507E+01  4.91991047E+00 -1.12979978E+01  2.92130177E+00
  17   17   2      C_   6   --   5.24558507E+01  4.91991047E+00 -1.12979978E+01  2.92130177E+00
  18   18   2      C_   6   --   5.24558507E+01  4.91991047E+00 -1.12979978E+01  2.92130177E+00
  19   19   3      C_   6   --   1.73621031E+02  5.63061330E+00  7.50233059E-01  3.63243668E+00
  20   20   3      C_   6   --   1.73583535E+02  5.63061320E+00  7.50576132E-01  3.63243658E+00
  21   21   3      C_   6   --   1.73629915E+02  5.63061328E+00  7.22646933E-01  3.63243666E+00
  22   22   3      C_   6   --   1.73603426E+02  5.63061324E+00  1.78104363E+00  3.63243662E+00
  23   23   3      C_   6   --   1.73621020E+02  5.63061326E+00  2.67909779E+00  3.63243664E+00
  24   24   3      C_   6   --   1.73658299E+02  5.63061337E+00  2.86377361E+00  3.63243674E+00
  25   25   3      C_   6   --   1.73666976E+02  5.63061339E+00  2.21948531E+00  3.63243676E+00
  26   26   3      C_   6   --   1.73583752E+02  5.63061320E+00 -5.85568651E-01  3.63243658E+00
  27   27   3      C_   6   --   1.73592430E+02  5.63061322E+00 -5.88302577E-01  3.63243660E+00
  28   28   3      C_   6   --   1.73583535E+02  5.63061320E+00 -5.85550854E-01  3.63243658E+00
  29   29   3      C_   6   --   1.73666976E+02  5.63061339E+00  2.21948531E+00  3.63243676E+00
  30   30   3      C_   6   --   1.73667193E+02  5.63061339E+00  2.21941703E+00  3.63243676E+00
  31   31   3      C_   6   --   1.73592430E+02  5.63061322E+00 -5.88302577E-01  3.63243660E+00
  32   32   3      C_   6   --   1.73583752E+02  5.63061320E+00 -5.85568651E-01  3.63243658E+00
  33   33   3      C_   6   --   1.73583752E+02  5.63061320E+00 -5.85568651E-01  3.63243658E+00
  34   34   3      C_   6   --   1.73658299E+02  5.63061337E+00  7.52181027E-01  3.63243674E+00
  35   35   3      C_   6   --   1.73629709E+02  5.63061332E+00  7.21777421E-01  3.63243670E+00
  36   36   3      C_   6   --   1.73629698E+02  5.63061328E+00  7.23357697E-01  3.63243666E+00
  37   37   3      C_   6   --   1.73638408E+02  5.63061332E+00  2.86325788E+00  3.63243670E+00
  38   38   3      C_   6   --   1.73667193E+02  5.63061339E+00  2.21941703E+00  3.63243676E+00
  39   39   3      C_   6   --   1.73658299E+02  5.63061337E+00  2.22019780E+00  3.63243674E+00
  40   40   3      C_   6   --   1.73666976E+02  5.63061339E+00  2.21948531E+00  3.63243676E+00
  41   41   3      C_   6   --   1.73620814E+02  5.63061330E+00  1.96520371E+00  3.63243668E+00
  42   42   3      C_   6   --   1.73583535E+02  5.63061320E+00  1.78052789E+00  3.63243658E+00
  43   43   4      Cl   17  --   4.78923799E+02  1.70659277E+01 -2.30572560E+01  7.18815473E+00
  44   44   4      Cl   17  --   4.77065807E+02  1.70659272E+01 -3.20074300E+01  7.18815425E+00
  45   45   4      Cl   17  --   4.74887434E+02  1.70659269E+01 -4.22602304E+01  7.18815391E+00
  46   46   4      Cl   17  --   4.79965534E+02  1.70659278E+01 -8.24142592E+01  7.18815481E+00
  47   47   4      Cl   17  --   4.79921056E+02  1.70659278E+01 -8.24295547E+01  7.18815481E+00
  48   48   4      Cl   17  --   4.80023525E+02  1.70659278E+01 -8.23799029E+01  7.18815481E+00
  49   49   4      Cl   17  --   4.76887694E+02  1.70659279E+01 -3.75339961E+01  7.18815491E+00
  50   50   4      Cl   17  --   4.79246352E+02  1.70659285E+01 -3.86809274E+01  7.18815550E+00
  51   51   4      Cl   17  --   4.78933030E+02  1.70659280E+01 -2.74935431E+01  7.18815505E+00
  52   52   4      Cl   17  --   4.79000765E+02  1.70659279E+01 -3.92628064E+01  7.18815499E+00
  53   53   4      Cl   17  --   4.78679430E+02  1.70659276E+01 -2.80863120E+01  7.18815465E+00
  54   54   4      Cl   17  --   4.79731093E+02  1.70659285E+01 -4.05153953E+01  7.18815552E+00
  55   55   5      N_   7   --   9.97808323E+01  8.19411782E+00  1.39564247E+02  6.17690208E+00
  56   56   5      N_   7   --   9.97808323E+01  8.19411782E+00  1.39564247E+02  6.17690208E+00
  57   57   5      N_   7   --   9.97808323E+01  8.19411782E+00  1.39564247E+02  6.17690208E+00
  58   58   5      N_   7   --   9.97808315E+01  8.19411779E+00  2.23391318E+02  6.17690205E+00
  59   59   5      N_   7   --   9.97808315E+01  8.19411779E+00  2.23391318E+02  6.17690205E+00
  60   60   5      N_   7   --   9.97808315E+01  8.19411779E+00  2.23391318E+02  6.17690205E+00
  61   61   5      N_   7   --   9.97808315E+01  8.19411779E+00  6.04852933E+01  6.17690205E+00
  62   62   5      N_   7   --   9.97808323E+01  8.19411782E+00  4.26377599E+01  6.17690208E+00
  63   63   5      N_   7   --   9.97808323E+01  8.19411782E+00  4.26377599E+01  6.17690208E+00
  64   64   5      N_   7   --   9.97808323E+01  8.19411782E+00  4.26377599E+01  6.17690208E+00
  65   65   5      N_   7   --   9.97808315E+01  8.19411779E+00  6.04852933E+01  6.17690205E+00
  66   66   5      N_   7   --   9.97808315E+01  8.19411779E+00  6.04852933E+01  6.17690205E+00
  67   67   5      N_   7   --   9.97808323E+01  8.19411782E+00  4.26377599E+01  6.17690208E+00
  68   68   5      N_   7   --   9.97808323E+01  8.19411782E+00  4.26377599E+01  6.17690208E+00
  69   69   5      N_   7   --   9.97808323E+01  8.19411782E+00  4.26377599E+01  6.17690208E+00
  70   70   5      N_   7   --   9.97808323E+01  8.19411782E+00  1.39564247E+02  6.17690208E+00
  71   71   5      N_   7   --   9.97808323E+01  8.19411782E+00  1.39564247E+02  6.17690208E+00
  72   72   5      N_   7   --   9.97808323E+01  8.19411782E+00  1.39564247E+02  6.17690208E+00
  73   73   5      N_   7   --   9.97808315E+01  8.19411779E+00  2.23391318E+02  6.17690205E+00
  74   74   5      N_   7   --   9.97808315E+01  8.19411779E+00  6.04852933E+01  6.17690205E+00
  75   75   5      N_   7   --   9.97808315E+01  8.19411779E+00  6.04852933E+01  6.17690205E+00
  76   76   5      N_   7   --   9.97808315E+01  8.19411779E+00  6.04852933E+01  6.17690205E+00
  77   77   5      N_   7   --   9.97808315E+01  8.19411779E+00  2.23391318E+02  6.17690205E+00
  78   78   5      N_   7   --   9.97808315E+01  8.19411779E+00  2.23391318E+02  6.17690205E+00
  79   79   6      H_   1   --   1.37560677E+02  9.34971352E-01 -3.48287882E+00  9.34965892E-01
  80   80   6      H_   1   --   1.39816558E+02  9.34972883E-01 -1.16533401E+00  9.34967423E-01
  81   81   6      H_   1   --   1.39412565E+02  9.34972388E-01 -1.01370550E+00  9.34966928E-01
  82   82   6      H_   1   --   1.38113309E+02  9.34971332E-01  8.60338868E+00  9.34965872E-01
  83   83   6      H_   1   --   1.35360727E+02  9.34969712E-01  1.97901555E-01  9.34964252E-01
  84   84   6      H_   1   --   1.33693661E+02  9.34968120E-01 -2.84112171E+00  9.34962660E-01
  85   85   6      H_   1   --   1.35788094E+02  9.34971571E-01  2.16928624E+00  9.34966111E-01
  86   86   6      H_   1   --   1.34708249E+02  9.34968342E-01  2.57741055E+00  9.34962882E-01
  87   87   6      H_   1   --   1.33293750E+02  9.34967812E-01 -2.95347465E+00  9.34962352E-01
  88   88   6      H_   1   --   1.37023950E+02  9.34970753E-01  1.04917355E+01  9.34965293E-01
  89   89   6      H_   1   --   1.35724849E+02  9.34971223E-01  1.95321657E+00  9.34965763E-01
  90   90   6      H_   1   --   1.35659945E+02  9.34969920E-01 -1.33074952E+00  9.34964460E-01
  91   91   6      H_   1   --   1.32685980E+02  9.34967238E-01 -2.55100361E+00  9.34961778E-01
  92   92   6      H_   1   --   1.35010577E+02  9.34969670E-01  5.36051906E+00  9.34964210E-01
  93   93   6      H_   1   --   1.36416181E+02  9.34970178E-01  1.08942065E+01  9.34964718E-01
  94   94   6      H_   1   --   1.37155952E+02  9.34970878E-01 -3.35219007E+00  9.34965418E-01
  95   95   6      H_   1   --   1.37542156E+02  9.34971330E-01 -3.44548575E+00  9.34965870E-01
  96   96   6      H_   1   --   1.39402938E+02  9.34972387E-01 -1.00547884E+00  9.34966927E-01
  97   97   6      H_   1   --   1.38057443E+02  9.34972609E-01  1.03633041E+00  9.34967149E-01
  98   98   6      H_   1   --   1.35723190E+02  9.34970267E-01 -1.11467985E+00  9.34964807E-01
  99   99   6      H_   1   --   1.35796988E+02  9.34971593E-01  2.16855597E+00  9.34966132E-01
  100  100  6      H_   1   --   1.35659945E+02  9.34969920E-01 -1.33074950E+00  9.34964460E-01
  101  101  6      H_   1   --   1.33843898E+02  9.34968013E-01 -2.03621194E+00  9.34962552E-01
  102  102  6      H_   1   --   1.39088125E+02  9.34973523E-01  1.07187620E+01  9.34968063E-01
------------------------------------------------------------------------------------------------
  Sum                            1.66861574E+04  1.22083534E+03 -3.30269145E-10  4.43998850E+02

critic2:6> 
CRITIC2 ended successfully (0 WARNINGS, 0 COMMENTS)

Elapsed wall time: 6m 28s
Elapsed CPU time: 29m 41s
CRITIC2--2022/3/22, 12:03:34.092
